2018-08-03 10:07:01 [scrapy.utils.log] INFO: Scrapy 1.5.1 started (bot: nature)
2018-08-03 10:07:01 [scrapy.utils.log] INFO: Versions: lxml 4.2.1.0, libxml2 2.9.8, cssselect 1.0.3, parsel 1.5.0, w3lib 1.19.0, Twisted 18.7.0, Python 3.6.5 |Anaconda, Inc.| (default, Apr 26 2018, 08:42:37) - [GCC 4.2.1 Compatible Clang 4.0.1 (tags/RELEASE_401/final)], pyOpenSSL 18.0.0 (OpenSSL 1.0.2o  27 Mar 2018), cryptography 2.2.2, Platform Darwin-17.7.0-x86_64-i386-64bit
2018-08-03 10:07:01 [scrapy.crawler] INFO: Overridden settings: {'BOT_NAME': 'nature', 'CONCURRENT_REQUESTS_PER_DOMAIN': 16, 'CONCURRENT_REQUESTS_PER_IP': 16, 'DOWNLOAD_DELAY': 1, 'LOG_FILE': 'name.log', 'NEWSPIDER_MODULE': 'nature.spiders', 'SPIDER_MODULES': ['nature.spiders'], 'USER_AGENT': 'Mozilla/5.0 (Macintosh; Intel Mac OS X 10_13_6) AppleWebKit/537.36 (KHTML, like Gecko) Chrome/67.0.3396.99 Safari/537.36'}
2018-08-03 10:07:01 [scrapy.middleware] INFO: Enabled extensions:
['scrapy.extensions.corestats.CoreStats',
 'scrapy.extensions.telnet.TelnetConsole',
 'scrapy.extensions.memusage.MemoryUsage',
 'scrapy.extensions.logstats.LogStats']
2018-08-03 10:07:01 [scrapy.middleware] INFO: Enabled downloader middlewares:
['scrapy.downloadermiddlewares.httpauth.HttpAuthMiddleware',
 'scrapy.downloadermiddlewares.downloadtimeout.DownloadTimeoutMiddleware',
 'scrapy.downloadermiddlewares.defaultheaders.DefaultHeadersMiddleware',
 'scrapy.downloadermiddlewares.useragent.UserAgentMiddleware',
 'scrapy.downloadermiddlewares.retry.RetryMiddleware',
 'scrapy.downloadermiddlewares.redirect.MetaRefreshMiddleware',
 'scrapy.downloadermiddlewares.httpcompression.HttpCompressionMiddleware',
 'scrapy.downloadermiddlewares.redirect.RedirectMiddleware',
 'scrapy.downloadermiddlewares.cookies.CookiesMiddleware',
 'scrapy.downloadermiddlewares.httpproxy.HttpProxyMiddleware',
 'scrapy.downloadermiddlewares.stats.DownloaderStats']
2018-08-03 10:07:01 [scrapy.middleware] INFO: Enabled spider middlewares:
['scrapy.spidermiddlewares.httperror.HttpErrorMiddleware',
 'scrapy.spidermiddlewares.offsite.OffsiteMiddleware',
 'scrapy.spidermiddlewares.referer.RefererMiddleware',
 'scrapy.spidermiddlewares.urllength.UrlLengthMiddleware',
 'scrapy.spidermiddlewares.depth.DepthMiddleware']
2018-08-03 10:07:01 [py.warnings] WARNING: /Users/xuguoliang/Demo/nature/nature/pipelines.py:3: ScrapyDeprecationWarning: Module `scrapy.log` has been deprecated, Scrapy now relies on the builtin Python library for logging. Read the updated logging entry in the documentation to learn more.
  from scrapy import log

2018-08-03 10:07:01 [scrapy.middleware] INFO: Enabled item pipelines:
['nature.pipelines.NaturePipeline', 'nature.pipelines.MongoDBPipeline']
2018-08-03 10:07:01 [scrapy.core.engine] INFO: Spider opened
2018-08-03 10:07:01 [scrapy.extensions.logstats] INFO: Crawled 0 pages (at 0 pages/min), scraped 0 items (at 0 items/min)
2018-08-03 10:07:01 [scrapy.extensions.telnet] DEBUG: Telnet console listening on 127.0.0.1:6024
2018-08-03 10:07:02 [scrapy.downloadermiddlewares.redirect] DEBUG: Redirecting (303) to <GET https://idp.nature.com/authorize?response_type=cookie&client_id=grover&redirect_uri=http%3A%2F%2Fwww.nature.com%2Fnature%2Fresearch%2Fbiological-sciences.html> from <GET http://www.nature.com/nature/research/biological-sciences.html>
2018-08-03 10:07:02 [scrapy.crawler] INFO: Received SIGTERM, shutting down gracefully. Send again to force 
2018-08-03 10:07:02 [scrapy.core.engine] INFO: Closing spider (shutdown)
2018-08-03 10:07:04 [scrapy.downloadermiddlewares.redirect] DEBUG: Redirecting (303) to <GET https://idp.nature.com/authorize?response_type=cookie&client_id=grover&redirect_uri=https%3A%2F%2Fwww.nature.com%2Fnbt%2Fresearch> from <GET https://www.nature.com/nbt/research>
2018-08-03 10:07:04 [scrapy.downloadermiddlewares.redirect] DEBUG: Redirecting (303) to <GET https://idp.nature.com/authorize?response_type=cookie&client_id=grover&redirect_uri=http%3A%2F%2Fwww.nature.com%2Fnbt%2Fnewsandcomment%2Findex.html> from <GET http://www.nature.com/nbt/newsandcomment/index.html>
2018-08-03 10:07:06 [scrapy.downloadermiddlewares.redirect] DEBUG: Redirecting (303) to <GET https://idp.nature.com/authorize?response_type=cookie&client_id=grover&redirect_uri=https%3A%2F%2Fwww.nature.com%2Fng%2Fresearch> from <GET https://www.nature.com/ng/research>
2018-08-03 10:07:07 [scrapy.downloadermiddlewares.redirect] DEBUG: Redirecting (303) to <GET https://idp.nature.com/authorize?response_type=cookie&client_id=grover&redirect_uri=http%3A%2F%2Fwww.nature.com%2Fni%2Fresearch%2Findex.html> from <GET http://www.nature.com/ni/research/index.html>
2018-08-03 10:07:08 [scrapy.downloadermiddlewares.redirect] DEBUG: Redirecting (303) to <GET https://idp.nature.com/authorize?response_type=cookie&client_id=grover&redirect_uri=http%3A%2F%2Fwww.nature.com%2Fnm%2Fresearch%2Findex.html> from <GET http://www.nature.com/nm/research/index.html>
2018-08-03 10:07:10 [scrapy.downloadermiddlewares.redirect] DEBUG: Redirecting (303) to <GET https://idp.nature.com/authorize?response_type=cookie&client_id=grover&redirect_uri=http%3A%2F%2Fwww.nature.com%2Fnmicrobiol%2Fnews-and-comment> from <GET http://www.nature.com/nmicrobiol/news-and-comment>
2018-08-03 10:07:12 [scrapy.downloadermiddlewares.redirect] DEBUG: Redirecting (303) to <GET https://idp.nature.com/authorize?response_type=cookie&client_id=grover&redirect_uri=http%3A%2F%2Fwww.nature.com%2Fnnano%2Fnewsandcomment%2Findex.html> from <GET http://www.nature.com/nnano/newsandcomment/index.html>
